<?xml version="1.0" encoding="UTF-8"?>
<!-- Generated by org.testng.reporters.JUnitXMLReporter -->
<testsuite hostname="DESKTOP-DSTFD27" ignored="0" name="Test" tests="3" failures="0" timestamp="29 Jul 2020 07:03:30 GMT" time="54.343" errors="0">
  <testcase name="createlead" time="4.485" classname="leaftaps.CrateLead"/>
  <testcase name="findLead" time="18.573" classname="leaftaps.FindLead"/>
  <testcase name="duplicateLead" time="15.413" classname="leaftaps.DuplicateLead"/>
</testsuite> <!-- Test -->
